<?xml version="1.0" encoding="UTF-8"?>
<!-- Generated by org.testng.reporters.JUnitReportReporter -->
<testsuite skipped="0" hostname="Viktoriyas-MacBook-Pro-2.local" name="scripts.UnitedAirlinesTest" tests="5" failures="0" timestamp="2023-01-30T21:59:46 CST" time="162.279" errors="0">
  <testcase name="validateMainMenu" time="30.401" classname="scripts.UnitedAirlinesTest"/>
  <system-out/>
  <testcase name="validateBookTravelMenu" time="27.488" classname="scripts.UnitedAirlinesTest"/>
  <system-out/>
  <testcase name="validateRadioButtonInBookTravelMenu" time="29.112" classname="scripts.UnitedAirlinesTest"/>
  <system-out/>
  <testcase name="validateCheckboxes" time="31.111" classname="scripts.UnitedAirlinesTest"/>
  <system-out/>
  <testcase name="validateOneWayTicket" time="44.167" classname="scripts.UnitedAirlinesTest"/>
  <system-out/>
</testsuite> <!-- scripts.UnitedAirlinesTest -->
